::1 - - [11/Feb/2025:04:32:18 +0000] "GET /api/v1/auth/sendotp HTTP/1.1" 404 158
::1 - - [11/Feb/2025:04:32:25 +0000] "POST /api/v1/auth/sendotp HTTP/1.1" 404 159
::1 - - [11/Feb/2025:04:35:06 +0000] "POST /api/v1/auth/send-otp HTTP/1.1" 422 61
::1 - - [11/Feb/2025:04:35:35 +0000] "POST /api/v1/auth/send-otp HTTP/1.1" 422 66
::1 - - [11/Feb/2025:04:35:43 +0000] "POST /api/v1/auth/send-otp HTTP/1.1" 422 68
::1 - - [11/Feb/2025:04:36:02 +0000] "POST /api/v1/auth/send-otp HTTP/1.1" 404 67
::1 - - [11/Feb/2025:05:29:05 +0000] "POST /api/v1/auth/send-otp HTTP/1.1" 200 177
::1 - - [11/Feb/2025:05:43:44 +0000] "POST /api/v1/auth/send-otp HTTP/1.1" 500 78
::1 - - [11/Feb/2025:05:48:40 +0000] "POST /api/v1/auth/send-otp HTTP/1.1" 500 78
::1 - - [11/Feb/2025:05:48:42 +0000] "POST /api/v1/auth/send-otp HTTP/1.1" 500 78
::1 - - [11/Feb/2025:05:49:35 +0000] "POST /api/v1/auth/send-otp HTTP/1.1" 500 78
::1 - - [11/Feb/2025:05:52:00 +0000] "POST /api/v1/auth/send-otp HTTP/1.1" 500 78
::1 - - [11/Feb/2025:05:52:52 +0000] "POST /api/v1/auth/send-otp HTTP/1.1" 500 78
::1 - - [11/Feb/2025:05:53:11 +0000] "POST /api/v1/auth/send-otp HTTP/1.1" 500 78
::1 - - [11/Feb/2025:05:53:33 +0000] "POST /api/v1/auth/send-otp HTTP/1.1" 500 78
::1 - - [11/Feb/2025:05:54:00 +0000] "POST /api/v1/auth/send-otp HTTP/1.1" 500 78
::1 - - [11/Feb/2025:05:54:35 +0000] "POST /api/v1/auth/send-otp HTTP/1.1" 500 78
::1 - - [11/Feb/2025:05:55:48 +0000] "POST /api/v1/auth/send-otp HTTP/1.1" 500 78
::1 - - [11/Feb/2025:05:57:22 +0000] "POST /api/v1/auth/send-otp HTTP/1.1" 200 196
::1 - - [11/Feb/2025:06:32:27 +0000] "POST /api/v1/auth/send-otp HTTP/1.1" 200 196
::1 - - [11/Feb/2025:06:33:18 +0000] "POST /api/v1/auth/send-otp HTTP/1.1" 200 196
::1 - - [11/Feb/2025:06:35:10 +0000] "POST /api/v1/auth/send-otp HTTP/1.1" 200 196
::1 - - [11/Feb/2025:06:35:42 +0000] "POST /api/v1/auth/send-otp HTTP/1.1" 200 196
::1 - - [11/Feb/2025:06:37:21 +0000] "POST /api/v1/auth/send-otp HTTP/1.1" 200 235
::1 - - [11/Feb/2025:06:38:02 +0000] "POST /api/v1/auth/send-otp HTTP/1.1" 200 235
::1 - - [11/Feb/2025:06:39:21 +0000] "POST /api/v1/auth/send-otp HTTP/1.1" 200 96
::1 - - [11/Feb/2025:06:39:47 +0000] "POST /api/v1/auth/send-otp HTTP/1.1" 200 149
::1 - - [11/Feb/2025:06:39:51 +0000] "POST /api/v1/auth/send-otp HTTP/1.1" 200 149
::1 - - [11/Feb/2025:06:40:03 +0000] "POST /api/v1/auth/send-otp HTTP/1.1" 200 149
::1 - - [11/Feb/2025:06:40:19 +0000] "POST /api/v1/auth/send-otp HTTP/1.1" 200 149
::1 - - [11/Feb/2025:06:40:42 +0000] "POST /api/v1/auth/send-otp HTTP/1.1" 200 235
::1 - - [11/Feb/2025:06:41:02 +0000] "POST /api/v1/auth/send-otp HTTP/1.1" 200 96
::1 - - [11/Feb/2025:06:41:35 +0000] "POST /api/v1/auth/send-otp HTTP/1.1" 200 235
::1 - - [11/Feb/2025:06:41:45 +0000] "POST /api/v1/auth/send-otp HTTP/1.1" 200 235
::1 - - [11/Feb/2025:06:41:57 +0000] "POST /api/v1/auth/send-otp HTTP/1.1" 200 235
::1 - - [11/Feb/2025:06:42:04 +0000] "POST /api/v1/auth/send-otp HTTP/1.1" 200 235
::1 - - [11/Feb/2025:06:43:24 +0000] "POST /api/v1/auth/send-otp HTTP/1.1" 200 235
::1 - - [11/Feb/2025:06:47:41 +0000] "POST /api/v1/auth/send-otp HTTP/1.1" 200 235
::1 - - [11/Feb/2025:06:48:58 +0000] "POST /api/v1/auth/send-otp HTTP/1.1" 200 227
::1 - - [11/Feb/2025:09:21:21 +0000] "POST /api/v1/auth/send-otp HTTP/1.1" 200 235
::1 - - [11/Feb/2025:09:22:42 +0000] "POST /api/v1/auth/sign-in-with-otp HTTP/1.1" 500 78
::1 - - [11/Feb/2025:09:25:38 +0000] "POST /api/v1/auth/sign-in-with-otp HTTP/1.1" 400 51
::1 - - [11/Feb/2025:09:25:47 +0000] "POST /api/v1/auth/send-otp HTTP/1.1" 200 235
::1 - - [11/Feb/2025:09:25:57 +0000] "POST /api/v1/auth/sign-in-with-otp HTTP/1.1" 500 78
::1 - - [11/Feb/2025:09:39:29 +0000] "POST /api/v1/auth/send-otp HTTP/1.1" 200 235
::1 - - [11/Feb/2025:09:39:38 +0000] "POST /api/v1/auth/sign-in-with-otp HTTP/1.1" 500 78
::1 - - [11/Feb/2025:09:40:49 +0000] "POST /api/v1/auth/sign-in-with-otp HTTP/1.1" 400 51
::1 - - [11/Feb/2025:09:40:53 +0000] "POST /api/v1/auth/send-otp HTTP/1.1" 200 235
::1 - - [11/Feb/2025:09:41:01 +0000] "POST /api/v1/auth/sign-in-with-otp HTTP/1.1" 500 78
::1 - - [11/Feb/2025:09:41:41 +0000] "POST /api/v1/auth/sign-in-with-otp HTTP/1.1" 400 51
::1 - - [11/Feb/2025:09:41:44 +0000] "POST /api/v1/auth/send-otp HTTP/1.1" 200 235
::1 - - [11/Feb/2025:09:41:54 +0000] "POST /api/v1/auth/sign-in-with-otp HTTP/1.1" 200 325
::1 - - [11/Feb/2025:10:21:06 +0000] "POST /api/v1/auth/sign-in-with-otp HTTP/1.1" 400 51
::1 - - [11/Feb/2025:10:21:09 +0000] "POST /api/v1/auth/send-otp HTTP/1.1" 200 235
::1 - - [11/Feb/2025:10:21:18 +0000] "POST /api/v1/auth/sign-in-with-otp HTTP/1.1" 200 569
::1 - - [11/Feb/2025:10:21:47 +0000] "POST /api/v1/auth/sign-in-with-otp HTTP/1.1" 400 51
::1 - - [11/Feb/2025:10:21:50 +0000] "POST /api/v1/auth/send-otp HTTP/1.1" 200 235
::1 - - [11/Feb/2025:10:22:01 +0000] "POST /api/v1/auth/sign-in-with-otp HTTP/1.1" 200 527
::1 - - [11/Feb/2025:10:29:11 +0000] "POST /api/v1/auth/send-otp HTTP/1.1" 200 235
::1 - - [11/Feb/2025:10:29:27 +0000] "POST /api/v1/auth/sign-in-with-otp HTTP/1.1" 200 576
::1 - - [11/Feb/2025:10:29:47 +0000] "POST /api/v1/auth/send-otp HTTP/1.1" 200 235
::1 - - [11/Feb/2025:10:29:59 +0000] "POST /api/v1/auth/sign-in-with-otp HTTP/1.1" 200 335
::1 - - [11/Feb/2025:10:30:49 +0000] "POST /api/v1/auth/sign-in-with-otp HTTP/1.1" 400 51
::1 - - [11/Feb/2025:10:30:53 +0000] "POST /api/v1/auth/send-otp HTTP/1.1" 200 235
::1 - - [11/Feb/2025:10:31:02 +0000] "POST /api/v1/auth/sign-in-with-otp HTTP/1.1" 200 568
::1 - - [11/Feb/2025:10:52:30 +0000] "POST /api/v1/auth/sign-in-with-otp HTTP/1.1" 400 51
::1 - - [11/Feb/2025:10:52:48 +0000] "POST /api/v1/auth/send-otp HTTP/1.1" 200 235
::1 - - [11/Feb/2025:10:52:57 +0000] "POST /api/v1/auth/sign-in-with-otp HTTP/1.1" 200 529
::1 - - [12/Feb/2025:04:20:39 +0000] "POST /api/v1/auth/sign-in HTTP/1.1" 422 75
::1 - - [12/Feb/2025:04:21:51 +0000] "POST /api/v1/auth/sign-in HTTP/1.1" 422 75
::1 - - [12/Feb/2025:04:22:59 +0000] "POST /api/v1/auth/sign-in HTTP/1.1" 422 75
::1 - - [12/Feb/2025:04:23:00 +0000] "POST /api/v1/auth/sign-in HTTP/1.1" 422 75
::1 - - [12/Feb/2025:04:23:02 +0000] "POST /api/v1/auth/sign-in HTTP/1.1" 422 75
::1 - - [12/Feb/2025:04:23:49 +0000] "POST /api/v1/auth/sign-up HTTP/1.1" 422 83
::1 - - [12/Feb/2025:04:24:17 +0000] "POST /api/v1/auth/sign-up HTTP/1.1" 500 78
::1 - - [12/Feb/2025:04:40:09 +0000] "POST /api/v1/auth/sign-up HTTP/1.1" 200 613
::1 - - [12/Feb/2025:04:46:09 +0000] "POST /api/v1/auth/sign-in HTTP/1.1" 200 527
::1 - - [12/Feb/2025:04:54:11 +0000] "POST /api/v1/auth/send-otp HTTP/1.1" 200 231
::1 - - [12/Feb/2025:04:55:11 +0000] "POST /api/v1/auth/sign-in-with-otp HTTP/1.1" 500 78
::1 - - [12/Feb/2025:05:01:55 +0000] "POST /api/v1/auth/sign-in-with-otp HTTP/1.1" 400 51
::1 - - [12/Feb/2025:05:02:00 +0000] "POST /api/v1/auth/send-otp HTTP/1.1" 200 231
::1 - - [12/Feb/2025:05:02:14 +0000] "POST /api/v1/auth/sign-in-with-otp HTTP/1.1" 200 501
::1 - - [13/Feb/2025:05:40:43 +0000] "GET /api/v1/rider/add-rider-details HTTP/1.1" 404 169
::1 - - [13/Feb/2025:05:40:46 +0000] "POST /api/v1/rider/add-rider-details HTTP/1.1" 500 27
::1 - - [13/Feb/2025:05:41:21 +0000] "POST /api/v1/auth/send-otp HTTP/1.1" 200 231
::1 - - [13/Feb/2025:05:41:32 +0000] "POST /api/v1/auth/sign-in-with-otp HTTP/1.1" 200 501
::1 - - [13/Feb/2025:05:41:46 +0000] "POST /api/v1/rider/add-rider-details HTTP/1.1" 422 75
::1 - - [13/Feb/2025:05:52:29 +0000] "POST /api/v1/rider/add-rider-details HTTP/1.1" 422 69
::1 - - [13/Feb/2025:05:53:48 +0000] "POST /api/v1/rider/add-rider-details HTTP/1.1" 422 67
::1 - - [13/Feb/2025:05:53:56 +0000] "POST /api/v1/rider/add-rider-details HTTP/1.1" 500 78
::1 - - [13/Feb/2025:05:55:02 +0000] "POST /api/v1/rider/add-rider-details HTTP/1.1" 500 78
::1 - - [13/Feb/2025:06:01:55 +0000] "POST /api/v1/auth/send-otp HTTP/1.1" 200 231
::1 - - [13/Feb/2025:06:02:04 +0000] "POST /api/v1/auth/sign-in-with-otp HTTP/1.1" 500 78
::1 - - [13/Feb/2025:06:04:19 +0000] "POST /api/v1/auth/sign-in-with-otp HTTP/1.1" 400 51
::1 - - [13/Feb/2025:06:04:23 +0000] "POST /api/v1/auth/send-otp HTTP/1.1" 200 231
::1 - - [13/Feb/2025:06:04:41 +0000] "POST /api/v1/auth/sign-in-with-otp HTTP/1.1" 500 78
::1 - - [13/Feb/2025:06:06:00 +0000] "POST /api/v1/auth/sign-in-with-otp HTTP/1.1" 400 51
::1 - - [13/Feb/2025:06:06:14 +0000] "POST /api/v1/auth/send-otp HTTP/1.1" 200 231
::1 - - [13/Feb/2025:06:06:23 +0000] "POST /api/v1/auth/sign-in-with-otp HTTP/1.1" 500 78
::1 - - [13/Feb/2025:06:06:52 +0000] "POST /api/v1/auth/sign-in-with-otp HTTP/1.1" 400 51
::1 - - [13/Feb/2025:06:06:55 +0000] "POST /api/v1/auth/send-otp HTTP/1.1" 200 231
::1 - - [13/Feb/2025:06:07:04 +0000] "POST /api/v1/auth/sign-in-with-otp HTTP/1.1" 500 78
::1 - - [13/Feb/2025:06:09:08 +0000] "POST /api/v1/auth/send-otp HTTP/1.1" 200 231
::1 - - [13/Feb/2025:06:09:17 +0000] "POST /api/v1/auth/sign-in-with-otp HTTP/1.1" 200 501
::1 - - [13/Feb/2025:06:14:10 +0000] "POST /api/v1/auth/send-otp HTTP/1.1" 200 231
::1 - - [13/Feb/2025:06:14:22 +0000] "POST /api/v1/auth/sign-in-with-otp HTTP/1.1" 500 78
::1 - - [13/Feb/2025:06:16:00 +0000] "POST /api/v1/auth/send-otp HTTP/1.1" 200 231
::1 - - [13/Feb/2025:06:16:11 +0000] "POST /api/v1/auth/sign-in-with-otp HTTP/1.1" 200 634
::1 - - [13/Feb/2025:06:37:34 +0000] "POST /api/v1/rider/add-rider-details HTTP/1.1" 500 78
::1 - - [13/Feb/2025:06:37:54 +0000] "POST /api/v1/rider/add-rider-details HTTP/1.1" 500 78
::1 - - [13/Feb/2025:06:39:21 +0000] "POST /api/v1/rider/add-rider-details HTTP/1.1" 500 78
::1 - - [13/Feb/2025:06:40:21 +0000] "POST /api/v1/rider/add-rider-details HTTP/1.1" 500 78
::1 - - [13/Feb/2025:06:51:00 +0000] "POST /api/v1/rider/add-rider-details HTTP/1.1" 409 59
::1 - - [13/Feb/2025:06:53:10 +0000] "POST /api/v1/rider/add-rider-details HTTP/1.1" 500 78
::1 - - [13/Feb/2025:06:53:44 +0000] "POST /api/v1/rider/add-rider-details HTTP/1.1" 500 78
::1 - - [13/Feb/2025:09:34:43 +0000] "POST /api/v1/rider/add-rider-details HTTP/1.1" 500 39
::1 - - [13/Feb/2025:09:35:22 +0000] "POST /api/v1/rider/add-rider-details HTTP/1.1" 500 39
::1 - - [13/Feb/2025:09:35:25 +0000] "POST /api/v1/rider/add-rider-details HTTP/1.1" 500 39
::1 - - [13/Feb/2025:09:36:00 +0000] "POST /api/v1/rider/add-rider-details HTTP/1.1" 500 39
::1 - - [13/Feb/2025:09:37:02 +0000] "POST /api/v1/auth/send-otp HTTP/1.1" 200 231
::1 - - [13/Feb/2025:09:37:13 +0000] "POST /api/v1/auth/sign-in-with-otp HTTP/1.1" 200 485
::1 - - [13/Feb/2025:09:37:31 +0000] "POST /api/v1/rider/add-rider-details HTTP/1.1" 422 69
::1 - - [13/Feb/2025:09:38:09 +0000] "POST /api/v1/rider/add-rider-details HTTP/1.1" 500 78
::1 - - [13/Feb/2025:09:39:00 +0000] "POST /api/v1/rider/add-rider-details HTTP/1.1" 500 78
::1 - - [13/Feb/2025:09:42:27 +0000] "POST /api/v1/rider/add-rider-details HTTP/1.1" 500 78
::1 - - [13/Feb/2025:09:44:08 +0000] "POST /api/v1/rider/add-rider-details HTTP/1.1" 500 73
::1 - - [13/Feb/2025:09:44:58 +0000] "POST /api/v1/rider/add-rider-details HTTP/1.1" 500 78
::1 - - [13/Feb/2025:09:48:14 +0000] "POST /api/v1/rider/add-rider-details HTTP/1.1" 409 59
::1 - - [13/Feb/2025:09:48:59 +0000] "POST /api/v1/rider/add-rider-details HTTP/1.1" 500 78
::1 - - [13/Feb/2025:09:53:52 +0000] "POST /api/v1/rider/add-rider-details HTTP/1.1" 500 78
::1 - - [13/Feb/2025:09:57:18 +0000] "POST /api/v1/rider/add-rider-details HTTP/1.1" 500 78
::1 - - [13/Feb/2025:10:15:50 +0000] "POST /api/v1/rider/add-rider-details HTTP/1.1" 500 78
::1 - - [13/Feb/2025:10:19:35 +0000] "POST /api/v1/rider/add-rider-details HTTP/1.1" 500 78
::1 - - [13/Feb/2025:10:23:59 +0000] "POST /api/v1/rider/add-rider-details HTTP/1.1" 500 78
::1 - - [13/Feb/2025:10:25:54 +0000] "POST /api/v1/rider/add-rider-details HTTP/1.1" 500 78
::1 - - [13/Feb/2025:10:32:02 +0000] "POST /api/v1/rider/add-rider-details HTTP/1.1" 500 78
::1 - - [13/Feb/2025:10:35:35 +0000] "POST /api/v1/rider/add-rider-details HTTP/1.1" 500 78
::1 - - [13/Feb/2025:10:36:13 +0000] "POST /api/v1/rider/add-rider-details HTTP/1.1" 500 78
::1 - - [13/Feb/2025:11:37:56 +0000] "POST /api/v1/rider/add-rider-details HTTP/1.1" 500 78
::1 - - [13/Feb/2025:11:38:28 +0000] "POST /api/v1/rider/add-rider-details HTTP/1.1" 500 78
